2023-05-14 10:05:900 INFO  LoginPage :28 - Enter email : standard_user[[ChromeDriver: chrome on WINDOWS (d9740950d8bd94c31c05f84319c7a25b)] -> id: user-name]
2023-05-14 10:05:108 INFO  LoginPage :32 - Enter password : secret_sauce[[ChromeDriver: chrome on WINDOWS (d9740950d8bd94c31c05f84319c7a25b)] -> id: password]
2023-05-14 10:05:703 INFO  LoginPage :36 - Click on login button : [[ChromeDriver: chrome on WINDOWS (d9740950d8bd94c31c05f84319c7a25b)] -> id: login-button]
2023-05-14 10:05:817 INFO  HomePage :27 - Getting text from element : [[ChromeDriver: chrome on WINDOWS (d9740950d8bd94c31c05f84319c7a25b)] -> xpath: //span[@class='title']]
2023-05-14 10:05:815 INFO  LoginPage :28 - Enter email : standard_user[[ChromeDriver: chrome on WINDOWS (13bac94c42994ac6432e34323d780243)] -> id: user-name]
2023-05-14 10:05:95 INFO  LoginPage :32 - Enter password : secret_sauce[[ChromeDriver: chrome on WINDOWS (13bac94c42994ac6432e34323d780243)] -> id: password]
2023-05-14 10:05:468 INFO  LoginPage :36 - Click on login button : [[ChromeDriver: chrome on WINDOWS (13bac94c42994ac6432e34323d780243)] -> id: login-button]
2023-05-14 10:05:788 INFO  HomePage :31 - count items : [[[ChromeDriver: chrome on WINDOWS (13bac94c42994ac6432e34323d780243)] -> xpath: //div[@class='inventory_item']], [[ChromeDriver: chrome on WINDOWS (13bac94c42994ac6432e34323d780243)] -> xpath: //div[@class='inventory_item']], [[ChromeDriver: chrome on WINDOWS (13bac94c42994ac6432e34323d780243)] -> xpath: //div[@class='inventory_item']], [[ChromeDriver: chrome on WINDOWS (13bac94c42994ac6432e34323d780243)] -> xpath: //div[@class='inventory_item']], [[ChromeDriver: chrome on WINDOWS (13bac94c42994ac6432e34323d780243)] -> xpath: //div[@class='inventory_item']], [[ChromeDriver: chrome on WINDOWS (13bac94c42994ac6432e34323d780243)] -> xpath: //div[@class='inventory_item']]]
2023-05-14 10:05:749 INFO  LoginPage :28 - Enter email : standard_user[[ChromeDriver: chrome on WINDOWS (cc5a9a5c375ed647d2e89cd8f58bf32d)] -> id: user-name]
2023-05-14 10:05:862 INFO  LoginPage :32 - Enter password : secret_sauce[[ChromeDriver: chrome on WINDOWS (cc5a9a5c375ed647d2e89cd8f58bf32d)] -> id: password]
2023-05-14 10:05:02 INFO  LoginPage :36 - Click on login button : [[ChromeDriver: chrome on WINDOWS (cc5a9a5c375ed647d2e89cd8f58bf32d)] -> id: login-button]
2023-05-14 10:05:41 INFO  HomePage :31 - count items : [[[ChromeDriver: chrome on WINDOWS (cc5a9a5c375ed647d2e89cd8f58bf32d)] -> xpath: //div[@class='inventory_item']], [[ChromeDriver: chrome on WINDOWS (cc5a9a5c375ed647d2e89cd8f58bf32d)] -> xpath: //div[@class='inventory_item']], [[ChromeDriver: chrome on WINDOWS (cc5a9a5c375ed647d2e89cd8f58bf32d)] -> xpath: //div[@class='inventory_item']], [[ChromeDriver: chrome on WINDOWS (cc5a9a5c375ed647d2e89cd8f58bf32d)] -> xpath: //div[@class='inventory_item']], [[ChromeDriver: chrome on WINDOWS (cc5a9a5c375ed647d2e89cd8f58bf32d)] -> xpath: //div[@class='inventory_item']], [[ChromeDriver: chrome on WINDOWS (cc5a9a5c375ed647d2e89cd8f58bf32d)] -> xpath: //div[@class='inventory_item']]]
2023-05-14 10:05:231 INFO  LoginPage :28 - Enter email : standard_user[[ChromeDriver: chrome on WINDOWS (a1074e966de10301d556cc3412b95261)] -> id: user-name]
2023-05-14 10:05:339 INFO  LoginPage :32 - Enter password : secret_sauce[[ChromeDriver: chrome on WINDOWS (a1074e966de10301d556cc3412b95261)] -> id: password]
2023-05-14 10:05:486 INFO  LoginPage :36 - Click on login button : [[ChromeDriver: chrome on WINDOWS (a1074e966de10301d556cc3412b95261)] -> id: login-button]
2023-05-14 10:05:588 INFO  HomePage :27 - Getting text from element : [[ChromeDriver: chrome on WINDOWS (a1074e966de10301d556cc3412b95261)] -> xpath: //span[@class='title']]
2023-05-14 10:05:397 INFO  LoginPage :28 - Enter email : standard_user[[ChromeDriver: chrome on WINDOWS (1eb39f13b048e97d24cc89978a56921b)] -> id: user-name]
2023-05-14 10:05:510 INFO  LoginPage :32 - Enter password : secret_sauce[[ChromeDriver: chrome on WINDOWS (1eb39f13b048e97d24cc89978a56921b)] -> id: password]
2023-05-14 10:05:664 INFO  LoginPage :36 - Click on login button : [[ChromeDriver: chrome on WINDOWS (1eb39f13b048e97d24cc89978a56921b)] -> id: login-button]
2023-05-14 10:05:700 INFO  HomePage :31 - count items : [[[ChromeDriver: chrome on WINDOWS (1eb39f13b048e97d24cc89978a56921b)] -> xpath: //div[@class='inventory_item']], [[ChromeDriver: chrome on WINDOWS (1eb39f13b048e97d24cc89978a56921b)] -> xpath: //div[@class='inventory_item']], [[ChromeDriver: chrome on WINDOWS (1eb39f13b048e97d24cc89978a56921b)] -> xpath: //div[@class='inventory_item']], [[ChromeDriver: chrome on WINDOWS (1eb39f13b048e97d24cc89978a56921b)] -> xpath: //div[@class='inventory_item']], [[ChromeDriver: chrome on WINDOWS (1eb39f13b048e97d24cc89978a56921b)] -> xpath: //div[@class='inventory_item']], [[ChromeDriver: chrome on WINDOWS (1eb39f13b048e97d24cc89978a56921b)] -> xpath: //div[@class='inventory_item']]]
2023-05-15 09:05:308 INFO  LoginPage :28 - Enter email : standard_user[[ChromeDriver: chrome on WINDOWS (e86de1986d6ad653e026480d5132ed16)] -> id: user-name]
2023-05-15 09:05:766 INFO  LoginPage :32 - Enter password : secret_sauce[[ChromeDriver: chrome on WINDOWS (e86de1986d6ad653e026480d5132ed16)] -> id: password]
2023-05-15 09:05:95 INFO  LoginPage :36 - Click on login button : [[ChromeDriver: chrome on WINDOWS (e86de1986d6ad653e026480d5132ed16)] -> id: login-button]
2023-05-15 09:05:771 INFO  HomePage :27 - Getting text from element : [[ChromeDriver: chrome on WINDOWS (e86de1986d6ad653e026480d5132ed16)] -> xpath: //span[@class='title']]
2023-05-15 09:05:59 INFO  LoginPage :28 - Enter email : standard_user[[ChromeDriver: chrome on WINDOWS (75f4a6671c4d2332a5c60ed321dfff17)] -> id: user-name]
2023-05-15 09:05:586 INFO  LoginPage :32 - Enter password : secret_sauce[[ChromeDriver: chrome on WINDOWS (75f4a6671c4d2332a5c60ed321dfff17)] -> id: password]
2023-05-15 09:05:310 INFO  LoginPage :36 - Click on login button : [[ChromeDriver: chrome on WINDOWS (75f4a6671c4d2332a5c60ed321dfff17)] -> id: login-button]
2023-05-15 09:05:665 INFO  HomePage :31 - count items : [[[ChromeDriver: chrome on WINDOWS (75f4a6671c4d2332a5c60ed321dfff17)] -> xpath: //div[@class='inventory_item']], [[ChromeDriver: chrome on WINDOWS (75f4a6671c4d2332a5c60ed321dfff17)] -> xpath: //div[@class='inventory_item']], [[ChromeDriver: chrome on WINDOWS (75f4a6671c4d2332a5c60ed321dfff17)] -> xpath: //div[@class='inventory_item']], [[ChromeDriver: chrome on WINDOWS (75f4a6671c4d2332a5c60ed321dfff17)] -> xpath: //div[@class='inventory_item']], [[ChromeDriver: chrome on WINDOWS (75f4a6671c4d2332a5c60ed321dfff17)] -> xpath: //div[@class='inventory_item']], [[ChromeDriver: chrome on WINDOWS (75f4a6671c4d2332a5c60ed321dfff17)] -> xpath: //div[@class='inventory_item']]]
